Tue May 19 17:35:34 IST 2020File /Drive1/playground/shell/input.txt exists...
Tue May 19 17:36:51 IST 2020: File /Drive1/playground/shell/input.txt exists...
Tue May 19 17:36:51 IST 2020: Reading file /Drive1/playground/shell/input.txt...
Tue May 19 17:36:51 IST 2020: Creating backup file...
Tue May 19 17:36:51 IST 2020: File /Drive1/playground/shell/output.csv exists...
Tue May 19 17:36:51 IST 2020: Deleting file /Drive1/playground/shell/output.csv...
Tue May 19 17:36:51 IST 2020: Creating file /Drive1/playground/shell/output.csv...
Tue May 19 17:36:51 IST 2020: Processing data...
Tue May 19 17:36:51 IST 2020: Ending Script...
Tue May 19 17:36:55 IST 2020: Starting Script...
Tue May 19 17:36:55 IST 2020: File /Drive1/playground/shell/input.txt exists...
Tue May 19 17:36:55 IST 2020: Reading file /Drive1/playground/shell/input.txt...
Tue May 19 17:36:55 IST 2020: Creating backup file...
Tue May 19 17:36:55 IST 2020: File /Drive1/playground/shell/output.csv exists...
Tue May 19 17:36:55 IST 2020: Deleting file /Drive1/playground/shell/output.csv...
Tue May 19 17:36:55 IST 2020: Creating file /Drive1/playground/shell/output.csv...
Tue May 19 17:36:55 IST 2020: Processing data...
Tue May 19 17:36:55 IST 2020: Ending Script...
Tue May 19 19:00:49 IST 2020: Starting Script...
Tue May 19 19:00:49 IST 2020: File /Drive1/playground/shell/input.txt exists...
Tue May 19 19:00:49 IST 2020: Reading file /Drive1/playground/shell/input.txt...
Tue May 19 19:00:49 IST 2020: Creating backup file...
Tue May 19 19:00:49 IST 2020: File /Drive1/playground/shell/output.csv exists...
Tue May 19 19:00:49 IST 2020: Deleting file /Drive1/playground/shell/output.csv...
Tue May 19 19:00:49 IST 2020: Creating file /Drive1/playground/shell/output.csv...
Tue May 19 19:00:49 IST 2020: Processing data...
Tue May 19 19:00:49 IST 2020: Ending Script...
Tue May 19 19:01:12 IST 2020: Starting Script...
Tue May 19 19:01:12 IST 2020: File /Drive1/playground/shell/input.txt exists...
Tue May 19 19:01:12 IST 2020: Reading file /Drive1/playground/shell/input.txt...
Tue May 19 19:01:12 IST 2020: Creating backup file...
Tue May 19 19:01:12 IST 2020: File /Drive1/playground/shell/output.csv exists...
Tue May 19 19:01:12 IST 2020: Deleting file /Drive1/playground/shell/output.csv...
Tue May 19 19:01:12 IST 2020: Creating file /Drive1/playground/shell/output.csv...
Tue May 19 19:01:12 IST 2020: Processing data...
Tue May 19 19:01:12 IST 2020: Ending Script...
Tue May 19 19:01:30 IST 2020: Starting Script...
Tue May 19 19:01:30 IST 2020: File /Drive1/playground/shell/input.txt exists...
Tue May 19 19:01:30 IST 2020: Reading file /Drive1/playground/shell/input.txt...
Tue May 19 19:01:30 IST 2020: Creating backup file...
Tue May 19 19:01:30 IST 2020: File /Drive1/playground/shell/output.csv exists...
Tue May 19 19:01:30 IST 2020: Deleting file /Drive1/playground/shell/output.csv...
Tue May 19 19:01:30 IST 2020: Creating file /Drive1/playground/shell/output.csv...
Tue May 19 19:01:30 IST 2020: Processing data...
Tue May 19 19:01:30 IST 2020: Ending Script...
Tue May 19 19:01:49 IST 2020: Starting Script...
Tue May 19 19:01:49 IST 2020: File /Drive1/playground/shell/input.txt exists...
Tue May 19 19:01:49 IST 2020: Reading file /Drive1/playground/shell/input.txt...
Tue May 19 19:01:49 IST 2020: Creating backup file...
Tue May 19 19:01:49 IST 2020: File /Drive1/playground/shell/output.csv exists...
Tue May 19 19:01:49 IST 2020: Deleting file /Drive1/playground/shell/output.csv...
Tue May 19 19:01:49 IST 2020: Creating file /Drive1/playground/shell/output.csv...
Tue May 19 19:01:49 IST 2020: Processing data...
Tue May 19 19:01:49 IST 2020: Ending Script...
